<?xml version="1.0" encoding="UTF-8"?>
<testng-results ignored="0" total="7" passed="6" failed="1" skipped="0">
  <reporter-output>
  </reporter-output>
  <suite started-at="2026-03-30T05:16:18Z" name="SauceDemo Suite" finished-at="2026-03-30T05:16:39Z" duration-ms="21284">
    <groups>
      <group name="regression">
        <method signature="LoginTest.invalidLoginTest()[pri:0, instance:tests.LoginTest@3a7442c7]" name="invalidLoginTest" class="tests.LoginTest"/>
        <method signature="LoginTest.multipleLoginTest(java.lang.String, java.lang.String)[pri:0, instance:tests.LoginTest@3a7442c7]" name="multipleLoginTest" class="tests.LoginTest"/>
        <method signature="LoginTest.verifyProductInCartTest()[pri:0, instance:tests.LoginTest@3a7442c7]" name="verifyProductInCartTest" class="tests.LoginTest"/>
      </group> <!-- regression -->
      <group name="smoke">
        <method signature="LoginTest.addToCartTest()[pri:0, instance:tests.LoginTest@3a7442c7]" name="addToCartTest" class="tests.LoginTest"/>
        <method signature="LoginTest.validLoginTest()[pri:0, instance:tests.LoginTest@3a7442c7]" name="validLoginTest" class="tests.LoginTest"/>
      </group> <!-- smoke -->
    </groups>
    <test started-at="2026-03-30T05:16:18Z" name="Chrome Tests" finished-at="2026-03-30T05:16:39Z" duration-ms="21284">
      <class name="tests.LoginTest">
        <test-method is-config="true" signature="setUp(java.lang.String)[pri:0, instance:tests.LoginTest@3a7442c7]" started-at="2026-03-30T10:46:18Z" name="setUp" finished-at="2026-03-30T10:46:22Z" duration-ms="3782" status="PASS">
          <params>
            <param index="0">
              <value>
                <![CDATA[chrome]]>
              </value>
            </param>
          </params>
          <reporter-output>
          </reporter-output>
        </test-method> <!-- setUp -->
        <test-method signature="addToCartTest()[pri:0, instance:tests.LoginTest@3a7442c7]" started-at="2026-03-30T10:46:22Z" name="addToCartTest" finished-at="2026-03-30T10:46:23Z" duration-ms="1151" status="PASS">
          <reporter-output>
          </reporter-output>
        </test-method> <!-- addToCartTest -->
        <test-method is-config="true" signature="tearDown()[pri:0, instance:tests.LoginTest@3a7442c7]" started-at="2026-03-30T10:46:23Z" name="tearDown" finished-at="2026-03-30T10:46:23Z" duration-ms="331" status="PASS">
          <reporter-output>
          </reporter-output>
        </test-method> <!-- tearDown -->
        <test-method is-config="true" signature="setUp(java.lang.String)[pri:0, instance:tests.LoginTest@3a7442c7]" started-at="2026-03-30T10:46:23Z" name="setUp" finished-at="2026-03-30T10:46:25Z" duration-ms="1838" status="PASS">
          <params>
            <param index="0">
              <value>
                <![CDATA[chrome]]>
              </value>
            </param>
          </params>
          <reporter-output>
          </reporter-output>
        </test-method> <!-- setUp -->
        <test-method signature="invalidLoginTest()[pri:0, instance:tests.LoginTest@3a7442c7]" started-at="2026-03-30T10:46:25Z" name="invalidLoginTest" finished-at="2026-03-30T10:46:25Z" duration-ms="324" status="PASS">
          <reporter-output>
          </reporter-output>
        </test-method> <!-- invalidLoginTest -->
        <test-method is-config="true" signature="tearDown()[pri:0, instance:tests.LoginTest@3a7442c7]" started-at="2026-03-30T10:46:25Z" name="tearDown" finished-at="2026-03-30T10:46:26Z" duration-ms="243" status="PASS">
          <reporter-output>
          </reporter-output>
        </test-method> <!-- tearDown -->
        <test-method is-config="true" signature="setUp(java.lang.String)[pri:0, instance:tests.LoginTest@3a7442c7]" started-at="2026-03-30T10:46:26Z" name="setUp" finished-at="2026-03-30T10:46:28Z" duration-ms="1834" status="PASS">
          <params>
            <param index="0">
              <value>
                <![CDATA[chrome]]>
              </value>
            </param>
          </params>
          <reporter-output>
          </reporter-output>
        </test-method> <!-- setUp -->
        <test-method signature="multipleLoginTest(java.lang.String, java.lang.String)[pri:0, instance:tests.LoginTest@3a7442c7]" started-at="2026-03-30T10:46:28Z" name="multipleLoginTest" data-provider="loginData" finished-at="2026-03-30T10:46:29Z" duration-ms="531" status="PASS">
          <params>
            <param index="0">
              <value>
                <![CDATA[standard_user]]>
              </value>
            </param>
            <param index="1">
              <value>
                <![CDATA[secret_sauce]]>
              </value>
            </param>
          </params>
          <reporter-output>
          </reporter-output>
        </test-method> <!-- multipleLoginTest -->
        <test-method is-config="true" signature="tearDown()[pri:0, instance:tests.LoginTest@3a7442c7]" started-at="2026-03-30T10:46:29Z" name="tearDown" finished-at="2026-03-30T10:46:29Z" duration-ms="653" status="PASS">
          <reporter-output>
          </reporter-output>
        </test-method> <!-- tearDown -->
        <test-method is-config="true" signature="setUp(java.lang.String)[pri:0, instance:tests.LoginTest@3a7442c7]" started-at="2026-03-30T10:46:29Z" name="setUp" finished-at="2026-03-30T10:46:31Z" duration-ms="1836" status="PASS">
          <params>
            <param index="0">
              <value>
                <![CDATA[chrome]]>
              </value>
            </param>
          </params>
          <reporter-output>
          </reporter-output>
        </test-method> <!-- setUp -->
        <test-method signature="multipleLoginTest(java.lang.String, java.lang.String)[pri:0, instance:tests.LoginTest@3a7442c7]" started-at="2026-03-30T10:46:31Z" name="multipleLoginTest" data-provider="loginData" finished-at="2026-03-30T10:46:32Z" duration-ms="464" status="PASS">
          <params>
            <param index="0">
              <value>
                <![CDATA[locked_out_user]]>
              </value>
            </param>
            <param index="1">
              <value>
                <![CDATA[secret_sauce]]>
              </value>
            </param>
          </params>
          <reporter-output>
          </reporter-output>
        </test-method> <!-- multipleLoginTest -->
        <test-method is-config="true" signature="tearDown()[pri:0, instance:tests.LoginTest@3a7442c7]" started-at="2026-03-30T10:46:32Z" name="tearDown" finished-at="2026-03-30T10:46:32Z" duration-ms="254" status="PASS">
          <reporter-output>
          </reporter-output>
        </test-method> <!-- tearDown -->
        <test-method is-config="true" signature="setUp(java.lang.String)[pri:0, instance:tests.LoginTest@3a7442c7]" started-at="2026-03-30T10:46:32Z" name="setUp" finished-at="2026-03-30T10:46:34Z" duration-ms="1524" status="PASS">
          <params>
            <param index="0">
              <value>
                <![CDATA[chrome]]>
              </value>
            </param>
          </params>
          <reporter-output>
          </reporter-output>
        </test-method> <!-- setUp -->
        <test-method signature="multipleLoginTest(java.lang.String, java.lang.String)[pri:0, instance:tests.LoginTest@3a7442c7]" started-at="2026-03-30T10:46:34Z" name="multipleLoginTest" data-provider="loginData" finished-at="2026-03-30T10:46:34Z" duration-ms="373" status="PASS">
          <params>
            <param index="0">
              <value>
                <![CDATA[invalid_user]]>
              </value>
            </param>
            <param index="1">
              <value>
                <![CDATA[wrong_pass]]>
              </value>
            </param>
          </params>
          <reporter-output>
          </reporter-output>
        </test-method> <!-- multipleLoginTest -->
        <test-method is-config="true" signature="tearDown()[pri:0, instance:tests.LoginTest@3a7442c7]" started-at="2026-03-30T10:46:34Z" name="tearDown" finished-at="2026-03-30T10:46:34Z" duration-ms="430" status="PASS">
          <reporter-output>
          </reporter-output>
        </test-method> <!-- tearDown -->
        <test-method is-config="true" signature="setUp(java.lang.String)[pri:0, instance:tests.LoginTest@3a7442c7]" started-at="2026-03-30T10:46:34Z" name="setUp" finished-at="2026-03-30T10:46:36Z" duration-ms="1579" status="PASS">
          <params>
            <param index="0">
              <value>
                <![CDATA[chrome]]>
              </value>
            </param>
          </params>
          <reporter-output>
          </reporter-output>
        </test-method> <!-- setUp -->
        <test-method signature="validLoginTest()[pri:0, instance:tests.LoginTest@3a7442c7]" started-at="2026-03-30T10:46:36Z" name="validLoginTest" finished-at="2026-03-30T10:46:36Z" duration-ms="506" status="FAIL">
          <exception class="java.lang.AssertionError">
            <message>
              <![CDATA[expected [Product] but found [Products]]]>
            </message>
            <full-stacktrace>
              <![CDATA[java.lang.AssertionError: expected [Product] but found [Products]
	at org.testng.Assert.fail(Assert.java:93)
	at org.testng.Assert.failNotEquals(Assert.java:512)
	at org.testng.Assert.assertEqualsImpl(Assert.java:134)
	at org.testng.Assert.assertEquals(Assert.java:115)
	at org.testng.Assert.assertEquals(Assert.java:189)
	at org.testng.Assert.assertEquals(Assert.java:199)
	at tests.LoginTest.validLoginTest(LoginTest.java:31)
	at java.base/jdk.internal.reflect.DirectMethodHandleAccessor.invoke(DirectMethodHandleAccessor.java:103)
	at java.base/java.lang.reflect.Method.invoke(Method.java:580)
	at org.testng.internal.MethodInvocationHelper.invokeMethod(MethodInvocationHelper.java:108)
	at org.testng.internal.Invoker.invokeMethod(Invoker.java:661)
	at org.testng.internal.Invoker.invokeTestMethod(Invoker.java:869)
	at org.testng.internal.Invoker.invokeTestMethods(Invoker.java:1193)
	at org.testng.internal.TestMethodWorker.invokeTestMethods(TestMethodWorker.java:126)
	at org.testng.internal.TestMethodWorker.run(TestMethodWorker.java:109)
	at org.testng.TestRunner.privateRun(TestRunner.java:744)
	at org.testng.TestRunner.run(TestRunner.java:602)
	at org.testng.SuiteRunner.runTest(SuiteRunner.java:380)
	at org.testng.SuiteRunner.runSequentially(SuiteRunner.java:375)
	at org.testng.SuiteRunner.privateRun(SuiteRunner.java:340)
	at org.testng.SuiteRunner.run(SuiteRunner.java:289)
	at org.testng.SuiteRunnerWorker.runSuite(SuiteRunnerWorker.java:52)
	at org.testng.SuiteRunnerWorker.run(SuiteRunnerWorker.java:86)
	at org.testng.TestNG.runSuitesSequentially(TestNG.java:1301)
	at org.testng.TestNG.runSuitesLocally(TestNG.java:1226)
	at org.testng.TestNG.runSuites(TestNG.java:1144)
	at org.testng.TestNG.run(TestNG.java:1115)
	at org.testng.remote.AbstractRemoteTestNG.run(AbstractRemoteTestNG.java:115)
	at org.testng.remote.RemoteTestNG.initAndRun(RemoteTestNG.java:293)
	at org.testng.remote.RemoteTestNG.main(RemoteTestNG.java:91)
]]>
            </full-stacktrace>
          </exception> <!-- java.lang.AssertionError -->
          <reporter-output>
          </reporter-output>
        </test-method> <!-- validLoginTest -->
        <test-method is-config="true" signature="tearDown()[pri:0, instance:tests.LoginTest@3a7442c7]" started-at="2026-03-30T10:46:37Z" name="tearDown" finished-at="2026-03-30T10:46:37Z" duration-ms="229" status="PASS">
          <reporter-output>
          </reporter-output>
        </test-method> <!-- tearDown -->
        <test-method is-config="true" signature="setUp(java.lang.String)[pri:0, instance:tests.LoginTest@3a7442c7]" started-at="2026-03-30T10:46:37Z" name="setUp" finished-at="2026-03-30T10:46:38Z" duration-ms="1488" status="PASS">
          <params>
            <param index="0">
              <value>
                <![CDATA[chrome]]>
              </value>
            </param>
          </params>
          <reporter-output>
          </reporter-output>
        </test-method> <!-- setUp -->
        <test-method signature="verifyProductInCartTest()[pri:0, instance:tests.LoginTest@3a7442c7]" started-at="2026-03-30T10:46:38Z" name="verifyProductInCartTest" finished-at="2026-03-30T10:46:39Z" duration-ms="788" status="PASS">
          <reporter-output>
          </reporter-output>
        </test-method> <!-- verifyProductInCartTest -->
        <test-method is-config="true" signature="tearDown()[pri:0, instance:tests.LoginTest@3a7442c7]" started-at="2026-03-30T10:46:39Z" name="tearDown" finished-at="2026-03-30T10:46:39Z" duration-ms="220" status="PASS">
          <reporter-output>
          </reporter-output>
        </test-method> <!-- tearDown -->
      </class> <!-- tests.LoginTest -->
    </test> <!-- Chrome Tests -->
  </suite> <!-- SauceDemo Suite -->
</testng-results>
