<?xml version="1.0" encoding="UTF-8"?>
<!-- Generated by org.testng.reporters.JUnitXMLReporter -->
<testsuite ignored="0" hostname="DESKTOP-I73KJAS" failures="1" tests="7" name="Chrome Tests" time="21.284" errors="0" timestamp="30 Mar 2026 05:16:39 GMT">
  <testcase classname="tests.LoginTest" name="addToCartTest" time="1.151"/>
  <testcase classname="tests.LoginTest" name="invalidLoginTest" time="0.324"/>
  <testcase classname="tests.LoginTest" name="multipleLoginTest" time="0.531"/>
  <testcase classname="tests.LoginTest" name="multipleLoginTest" time="0.464"/>
  <testcase classname="tests.LoginTest" name="multipleLoginTest" time="0.373"/>
  <testcase classname="tests.LoginTest" name="validLoginTest" time="0.506">
    <failure type="java.lang.AssertionError" message="expected [Product] but found [Products]">
      <![CDATA[java.lang.AssertionError: expected [Product] but found [Products]
	at tests.LoginTest.validLoginTest(LoginTest.java:31)
... Removed 29 stack frames]]>
    </failure>
  </testcase> <!-- validLoginTest -->
  <testcase classname="tests.LoginTest" name="verifyProductInCartTest" time="0.788"/>
</testsuite> <!-- Chrome Tests -->
